<?xml version="1.0" encoding="UTF-8"?>
<!-- Generated by org.testng.reporters.JUnitReportReporter -->
<testsuite hostname="DESKTOP-73T17CU" failures="0" tests="1" name="driverFactory.AppTest" time="33.406" errors="0" timestamp="2024-01-30T15:10:52 IST" skipped="0">
  <testcase classname="driverFactory.AppTest" name="startTest" time="33.406">
    <system-out>
      <![CDATA[Customer Adding Successful
Customer Adding Successful
Customer Adding Successful
Customer Adding Successful
Customer Adding Successful
Customer Adding Successful
Customer Adding Successful]]>
    </system-out>
  </testcase> <!-- startTest -->
  <system-out>
    <![CDATA[Customer Adding Successful
Customer Adding Successful
Customer Adding Successful
Customer Adding Successful
Customer Adding Successful
Customer Adding Successful
Customer Adding Successful]]>
  </system-out>
</testsuite> <!-- driverFactory.AppTest -->
